# JRE version: OpenJDK Runtime Environment (8.0_121-b13) (build 1.8.0_121-8u121-b13-0ubuntu1.16.04.2-b13)
# Java VM: OpenJDK 64-Bit Server VM (25.121-b13 mixed mode linux-amd64 compressed oops)
Heap:
 PSYoungGen      total 242176K, used 0K [0x00000000eb700000, 0x00000000ff800000, 0x0000000100000000)
  eden space 158720K, 0% used [0x00000000eb700000,0x00000000eb700000,0x00000000f5200000)
  from space 83456K, 0% used [0x00000000fa680000,0x00000000fa680000,0x00000000ff800000)
  to   space 84992K, 0% used [0x00000000f5200000,0x00000000f5200000,0x00000000fa500000)
 ParOldGen       total 355840K, used 264203K [0x00000000c2400000, 0x00000000d7f80000, 0x00000000eb700000)
  object space 355840K, 74% used [0x00000000c2400000,0x00000000d2602cc8,0x00000000d7f80000)
 Metaspace       used 4870K, capacity 4924K, committed 5248K, reserved 1056768K
  class space    used 493K, capacity 530K, committed 640K, reserved 1048576K
GC Heap History (10 events):
Event: 67.781 GC heap after
Heap after GC invocations=153 (full 13):
 PSYoungGen      total 234496K, used 16974K [0x00000000eb700000, 0x0000000100000000, 0x0000000100000000)
  eden space 142848K, 0% used [0x00000000eb700000,0x00000000eb700000,0x00000000f4280000)
  from space 91648K, 18% used [0x00000000f9e80000,0x00000000faf13bb8,0x00000000ff800000)
  to   space 94208K, 0% used [0x00000000f4280000,0x00000000f4280000,0x00000000f9e80000)
 ParOldGen       total 355840K, used 235608K [0x00000000c2400000, 0x00000000d7f80000, 0x00000000eb700000)
  object space 355840K, 66% used [0x00000000c2400000,0x00000000d0a16310,0x00000000d7f80000)
 Metaspace       used 4869K, capacity 4924K, committed 5248K, reserved 1056768K
  class space    used 493K, capacity 530K, committed 640K, reserved 1048576K
}
Event: 68.028 GC heap before
{Heap before GC invocations=154 (full 13):
 PSYoungGen      total 234496K, used 159822K [0x00000000eb700000, 0x0000000100000000, 0x0000000100000000)
  eden space 142848K, 100% used [0x00000000eb700000,0x00000000f4280000,0x00000000f4280000)
  from space 91648K, 18% used [0x00000000f9e80000,0x00000000faf13bb8,0x00000000ff800000)
  to   space 94208K, 0% used [0x00000000f4280000,0x00000000f4280000,0x00000000f9e80000)
 ParOldGen       total 355840K, used 235608K [0x00000000c2400000, 0x00000000d7f80000, 0x00000000eb700000)
  object space 355840K, 66% used [0x00000000c2400000,0x00000000d0a16310,0x00000000d7f80000)
 Metaspace       used 4870K, capacity 4924K, committed 5248K, reserved 1056768K
  class space    used 493K, capacity 530K, committed 640K, reserved 1048576K
Event: 68.101 GC heap after
Heap after GC invocations=154 (full 13):
 PSYoungGen      total 237056K, used 34315K [0x00000000eb700000, 0x00000000ffe80000, 0x0000000100000000)
  eden space 142848K, 0% used [0x00000000eb700000,0x00000000eb700000,0x00000000f4280000)
  from space 94208K, 36% used [0x00000000f4280000,0x00000000f6402e18,0x00000000f9e80000)
  to   space 92160K, 0% used [0x00000000fa480000,0x00000000fa480000,0x00000000ffe80000)
 ParOldGen       total 355840K, used 249331K [0x00000000c2400000, 0x00000000d7f80000, 0x00000000eb700000)
  object space 355840K, 70% used [0x00000000c2400000,0x00000000d177cd48,0x00000000d7f80000)
 Metaspace       used 4870K, capacity 4924K, committed 5248K, reserved 1056768K
  class space    used 493K, capacity 530K, committed 640K, reserved 1048576K
}
Event: 68.310 GC heap before
{Heap before GC invocations=155 (full 13):
 PSYoungGen      total 237056K, used 177163K [0x00000000eb700000, 0x00000000ffe80000, 0x0000000100000000)
  eden space 142848K, 100% used [0x00000000eb700000,0x00000000f4280000,0x00000000f4280000)
  from space 94208K, 36% used [0x00000000f4280000,0x00000000f6402e18,0x00000000f9e80000)
  to   space 92160K, 0% used [0x00000000fa480000,0x00000000fa480000,0x00000000ffe80000)
 ParOldGen       total 355840K, used 249331K [0x00000000c2400000, 0x00000000d7f80000, 0x00000000eb700000)
  object space 355840K, 70% used [0x00000000c2400000,0x00000000d177cd48,0x00000000d7f80000)
 Metaspace       used 4870K, capacity 4924K, committed 5248K, reserved 1056768K
  class space    used 493K, capacity 530K, committed 640K, reserved 1048576K
Event: 68.393 GC heap after
Heap after GC invocations=155 (full 13):
 PSYoungGen      total 239104K, used 30372K [0x00000000eb700000, 0x00000000ffb00000, 0x0000000100000000)
  eden space 150528K, 0% used [0x00000000eb700000,0x00000000eb700000,0x00000000f4a00000)
  from space 88576K, 34% used [0x00000000fa480000,0x00000000fc229048,0x00000000ffb00000)
  to   space 90624K, 0% used [0x00000000f4a00000,0x00000000f4a00000,0x00000000fa280000)
 ParOldGen       total 355840K, used 276658K [0x00000000c2400000, 0x00000000d7f80000, 0x00000000eb700000)
  object space 355840K, 77% used [0x00000000c2400000,0x00000000d322cbc0,0x00000000d7f80000)
 Metaspace       used 4870K, capacity 4924K, committed 5248K, reserved 1056768K
  class space    used 493K, capacity 530K, committed 640K, reserved 1048576K
}
Event: 68.596 GC heap before
{Heap before GC invocations=156 (full 13):
 PSYoungGen      total 239104K, used 180900K [0x00000000eb700000, 0x00000000ffb00000, 0x0000000100000000)
  eden space 150528K, 100% used [0x00000000eb700000,0x00000000f4a00000,0x00000000f4a00000)
  from space 88576K, 34% used [0x00000000fa480000,0x00000000fc229048,0x00000000ffb00000)
  to   space 90624K, 0% used [0x00000000f4a00000,0x00000000f4a00000,0x00000000fa280000)
 ParOldGen       total 355840K, used 276658K [0x00000000c2400000, 0x00000000d7f80000, 0x00000000eb700000)
  object space 355840K, 77% used [0x00000000c2400000,0x00000000d322cbc0,0x00000000d7f80000)
 Metaspace       used 4870K, capacity 4924K, committed 5248K, reserved 1056768K
  class space    used 493K, capacity 530K, committed 640K, reserved 1048576K
Event: 68.750 GC heap after
Heap after GC invocations=156 (full 13):
 PSYoungGen      total 241152K, used 35644K [0x00000000eb700000, 0x00000000ffc00000, 0x0000000100000000)
  eden space 150528K, 0% used [0x00000000eb700000,0x00000000eb700000,0x00000000f4a00000)
  from space 90624K, 39% used [0x00000000f4a00000,0x00000000f6ccf150,0x00000000fa280000)
  to   space 87552K, 0% used [0x00000000fa680000,0x00000000fa680000,0x00000000ffc00000)
 ParOldGen       total 355840K, used 299896K [0x00000000c2400000, 0x00000000d7f80000, 0x00000000eb700000)
  object space 355840K, 84% used [0x00000000c2400000,0x00000000d48de298,0x00000000d7f80000)
 Metaspace       used 4870K, capacity 4924K, committed 5248K, reserved 1056768K
  class space    used 493K, capacity 530K, committed 640K, reserved 1048576K
}
Event: 68.936 GC heap before
{Heap before GC invocations=157 (full 13):
 PSYoungGen      total 241152K, used 186172K [0x00000000eb700000, 0x00000000ffc00000, 0x0000000100000000)
  eden space 150528K, 100% used [0x00000000eb700000,0x00000000f4a00000,0x00000000f4a00000)
  from space 90624K, 39% used [0x00000000f4a00000,0x00000000f6ccf150,0x00000000fa280000)
  to   space 87552K, 0% used [0x00000000fa680000,0x00000000fa680000,0x00000000ffc00000)
 ParOldGen       total 355840K, used 299896K [0x00000000c2400000, 0x00000000d7f80000, 0x00000000eb700000)
  object space 355840K, 84% used [0x00000000c2400000,0x00000000d48de298,0x00000000d7f80000)
 Metaspace       used 4870K, capacity 4924K, committed 5248K, reserved 1056768K
  class space    used 493K, capacity 530K, committed 640K, reserved 1048576K
Event: 69.662 GC heap after
Heap after GC invocations=157 (full 13):
 PSYoungGen      total 242176K, used 36272K [0x00000000eb700000, 0x00000000ff800000, 0x0000000100000000)
  eden space 158720K, 0% used [0x00000000eb700000,0x00000000eb700000,0x00000000f5200000)
  from space 83456K, 43% used [0x00000000fa680000,0x00000000fc9ec0f0,0x00000000ff800000)
  to   space 84992K, 0% used [0x00000000f5200000,0x00000000f5200000,0x00000000fa500000)
 ParOldGen       total 355840K, used 327292K [0x00000000c2400000, 0x00000000d7f80000, 0x00000000eb700000)
  object space 355840K, 91% used [0x00000000c2400000,0x00000000d639f340,0x00000000d7f80000)
 Metaspace       used 4870K, capacity 4924K, committed 5248K, reserved 1056768K
  class space    used 493K, capacity 530K, committed 640K, reserved 1048576K
}
Event: 69.714 GC heap before
{Heap before GC invocations=158 (full 14):
 PSYoungGen      total 242176K, used 36272K [0x00000000eb700000, 0x00000000ff800000, 0x0000000100000000)
  eden space 158720K, 0% used [0x00000000eb700000,0x00000000eb700000,0x00000000f5200000)
  from space 83456K, 43% used [0x00000000fa680000,0x00000000fc9ec0f0,0x00000000ff800000)
  to   space 84992K, 0% used [0x00000000f5200000,0x00000000f5200000,0x00000000fa500000)
 ParOldGen       total 355840K, used 327292K [0x00000000c2400000, 0x00000000d7f80000, 0x00000000eb700000)
  object space 355840K, 91% used [0x00000000c2400000,0x00000000d639f340,0x00000000d7f80000)
 Metaspace       used 4870K, capacity 4924K, committed 5248K, reserved 1056768K
  class space    used 493K, capacity 530K, committed 640K, reserved 1048576K

