# JRE version: OpenJDK Runtime Environment (8.0_121-b13) (build 1.8.0_121-8u121-b13-0ubuntu1.16.04.2-b13)
# Java VM: OpenJDK 64-Bit Server VM (25.121-b13 mixed mode linux-amd64 compressed oops)
Heap:
 PSYoungGen      total 235008K, used 0K [0x00000000eb700000, 0x00000000ffd00000, 0x0000000100000000)
  eden space 139776K, 0% used [0x00000000eb700000,0x00000000eb700000,0x00000000f3f80000)
  from space 95232K, 0% used [0x00000000f3f80000,0x00000000f3f80000,0x00000000f9c80000)
  to   space 93696K, 0% used [0x00000000fa180000,0x00000000fa180000,0x00000000ffd00000)
 ParOldGen       total 507392K, used 405527K [0x00000000c2400000, 0x00000000e1380000, 0x00000000eb700000)
  object space 507392K, 79% used [0x00000000c2400000,0x00000000db005fd0,0x00000000e1380000)
 Metaspace       used 5037K, capacity 5168K, committed 5504K, reserved 1056768K
  class space    used 513K, capacity 528K, committed 640K, reserved 1048576K
GC Heap History (10 events):
Event: 55.551 GC heap after
Heap after GC invocations=135 (full 14):
 PSYoungGen      total 229888K, used 79051K [0x00000000eb700000, 0x0000000100000000, 0x0000000100000000)
  eden space 150528K, 0% used [0x00000000eb700000,0x00000000eb700000,0x00000000f4a00000)
  from space 79360K, 99% used [0x00000000f4a00000,0x00000000f9732c70,0x00000000f9780000)
  to   space 99328K, 0% used [0x00000000f9f00000,0x00000000f9f00000,0x0000000100000000)
 ParOldGen       total 507392K, used 322137K [0x00000000c2400000, 0x00000000e1380000, 0x00000000eb700000)
  object space 507392K, 63% used [0x00000000c2400000,0x00000000d5e96578,0x00000000e1380000)
 Metaspace       used 5037K, capacity 5168K, committed 5504K, reserved 1056768K
  class space    used 513K, capacity 528K, committed 640K, reserved 1048576K
}
Event: 55.698 GC heap before
{Heap before GC invocations=136 (full 14):
 PSYoungGen      total 229888K, used 229579K [0x00000000eb700000, 0x0000000100000000, 0x0000000100000000)
  eden space 150528K, 100% used [0x00000000eb700000,0x00000000f4a00000,0x00000000f4a00000)
  from space 79360K, 99% used [0x00000000f4a00000,0x00000000f9732c70,0x00000000f9780000)
  to   space 99328K, 0% used [0x00000000f9f00000,0x00000000f9f00000,0x0000000100000000)
 ParOldGen       total 507392K, used 322137K [0x00000000c2400000, 0x00000000e1380000, 0x00000000eb700000)
  object space 507392K, 63% used [0x00000000c2400000,0x00000000d5e96578,0x00000000e1380000)
 Metaspace       used 5037K, capacity 5168K, committed 5504K, reserved 1056768K
  class space    used 513K, capacity 528K, committed 640K, reserved 1048576K
Event: 56.099 GC heap after
Heap after GC invocations=136 (full 14):
 PSYoungGen      total 239104K, used 61165K [0x00000000eb700000, 0x0000000100000000, 0x0000000100000000)
  eden space 139776K, 0% used [0x00000000eb700000,0x00000000eb700000,0x00000000f3f80000)
  from space 99328K, 61% used [0x00000000f9f00000,0x00000000fdabb418,0x0000000100000000)
  to   space 97792K, 0% used [0x00000000f3f80000,0x00000000f3f80000,0x00000000f9f00000)
 ParOldGen       total 507392K, used 348380K [0x00000000c2400000, 0x00000000e1380000, 0x00000000eb700000)
  object space 507392K, 68% used [0x00000000c2400000,0x00000000d78371a8,0x00000000e1380000)
 Metaspace       used 5037K, capacity 5168K, committed 5504K, reserved 1056768K
  class space    used 513K, capacity 528K, committed 640K, reserved 1048576K
}
Event: 56.235 GC heap before
{Heap before GC invocations=137 (full 14):
 PSYoungGen      total 239104K, used 200941K [0x00000000eb700000, 0x0000000100000000, 0x0000000100000000)
  eden space 139776K, 100% used [0x00000000eb700000,0x00000000f3f80000,0x00000000f3f80000)
  from space 99328K, 61% used [0x00000000f9f00000,0x00000000fdabb418,0x0000000100000000)
  to   space 97792K, 0% used [0x00000000f3f80000,0x00000000f3f80000,0x00000000f9f00000)
 ParOldGen       total 507392K, used 348380K [0x00000000c2400000, 0x00000000e1380000, 0x00000000eb700000)
  object space 507392K, 68% used [0x00000000c2400000,0x00000000d78371a8,0x00000000e1380000)
 Metaspace       used 5037K, capacity 5168K, committed 5504K, reserved 1056768K
  class space    used 513K, capacity 528K, committed 640K, reserved 1048576K
Event: 56.423 GC heap after
Heap after GC invocations=137 (full 14):
 PSYoungGen      total 183808K, used 43741K [0x00000000eb700000, 0x00000000ff980000, 0x0000000100000000)
  eden space 139776K, 0% used [0x00000000eb700000,0x00000000eb700000,0x00000000f3f80000)
  from space 44032K, 99% used [0x00000000f3f80000,0x00000000f6a377a0,0x00000000f6a80000)
  to   space 95232K, 0% used [0x00000000f9c80000,0x00000000f9c80000,0x00000000ff980000)
 ParOldGen       total 507392K, used 390212K [0x00000000c2400000, 0x00000000e1380000, 0x00000000eb700000)
  object space 507392K, 76% used [0x00000000c2400000,0x00000000da1112d8,0x00000000e1380000)
 Metaspace       used 5037K, capacity 5168K, committed 5504K, reserved 1056768K
  class space    used 513K, capacity 528K, committed 640K, reserved 1048576K
}
Event: 56.543 GC heap before
{Heap before GC invocations=138 (full 14):
 PSYoungGen      total 183808K, used 183517K [0x00000000eb700000, 0x00000000ff980000, 0x0000000100000000)
  eden space 139776K, 100% used [0x00000000eb700000,0x00000000f3f80000,0x00000000f3f80000)
  from space 44032K, 99% used [0x00000000f3f80000,0x00000000f6a377a0,0x00000000f6a80000)
  to   space 95232K, 0% used [0x00000000f9c80000,0x00000000f9c80000,0x00000000ff980000)
 ParOldGen       total 507392K, used 390212K [0x00000000c2400000, 0x00000000e1380000, 0x00000000eb700000)
  object space 507392K, 76% used [0x00000000c2400000,0x00000000da1112d8,0x00000000e1380000)
 Metaspace       used 5037K, capacity 5168K, committed 5504K, reserved 1056768K
  class space    used 513K, capacity 528K, committed 640K, reserved 1048576K
Event: 56.619 GC heap after
Heap after GC invocations=138 (full 14):
 PSYoungGen      total 235008K, used 28624K [0x00000000eb700000, 0x0000000100000000, 0x0000000100000000)
  eden space 139776K, 0% used [0x00000000eb700000,0x00000000eb700000,0x00000000f3f80000)
  from space 95232K, 30% used [0x00000000f9c80000,0x00000000fb8740a0,0x00000000ff980000)
  to   space 95232K, 0% used [0x00000000f3f80000,0x00000000f3f80000,0x00000000f9c80000)
 ParOldGen       total 507392K, used 427898K [0x00000000c2400000, 0x00000000e1380000, 0x00000000eb700000)
  object space 507392K, 84% used [0x00000000c2400000,0x00000000dc5de8e0,0x00000000e1380000)
 Metaspace       used 5037K, capacity 5168K, committed 5504K, reserved 1056768K
  class space    used 513K, capacity 528K, committed 640K, reserved 1048576K
}
Event: 56.760 GC heap before
{Heap before GC invocations=139 (full 14):
 PSYoungGen      total 235008K, used 168400K [0x00000000eb700000, 0x0000000100000000, 0x0000000100000000)
  eden space 139776K, 100% used [0x00000000eb700000,0x00000000f3f80000,0x00000000f3f80000)
  from space 95232K, 30% used [0x00000000f9c80000,0x00000000fb8740a0,0x00000000ff980000)
  to   space 95232K, 0% used [0x00000000f3f80000,0x00000000f3f80000,0x00000000f9c80000)
 ParOldGen       total 507392K, used 427898K [0x00000000c2400000, 0x00000000e1380000, 0x00000000eb700000)
  object space 507392K, 84% used [0x00000000c2400000,0x00000000dc5de8e0,0x00000000e1380000)
 Metaspace       used 5037K, capacity 5168K, committed 5504K, reserved 1056768K
  class space    used 513K, capacity 528K, committed 640K, reserved 1048576K
Event: 56.906 GC heap after
Heap after GC invocations=139 (full 14):
 PSYoungGen      total 235008K, used 31977K [0x00000000eb700000, 0x00000000ffd00000, 0x0000000100000000)
  eden space 139776K, 0% used [0x00000000eb700000,0x00000000eb700000,0x00000000f3f80000)
  from space 95232K, 33% used [0x00000000f3f80000,0x00000000f5eba650,0x00000000f9c80000)
  to   space 93696K, 0% used [0x00000000fa180000,0x00000000fa180000,0x00000000ffd00000)
 ParOldGen       total 507392K, used 454214K [0x00000000c2400000, 0x00000000e1380000, 0x00000000eb700000)
  object space 507392K, 89% used [0x00000000c2400000,0x00000000ddf91910,0x00000000e1380000)
 Metaspace       used 5037K, capacity 5168K, committed 5504K, reserved 1056768K
  class space    used 513K, capacity 528K, committed 640K, reserved 1048576K
}
Event: 56.911 GC heap before
{Heap before GC invocations=140 (full 15):
 PSYoungGen      total 235008K, used 31977K [0x00000000eb700000, 0x00000000ffd00000, 0x0000000100000000)
  eden space 139776K, 0% used [0x00000000eb700000,0x00000000eb700000,0x00000000f3f80000)
  from space 95232K, 33% used [0x00000000f3f80000,0x00000000f5eba650,0x00000000f9c80000)
  to   space 93696K, 0% used [0x00000000fa180000,0x00000000fa180000,0x00000000ffd00000)
 ParOldGen       total 507392K, used 454214K [0x00000000c2400000, 0x00000000e1380000, 0x00000000eb700000)
  object space 507392K, 89% used [0x00000000c2400000,0x00000000ddf91910,0x00000000e1380000)
 Metaspace       used 5037K, capacity 5168K, committed 5504K, reserved 1056768K
  class space    used 513K, capacity 528K, committed 640K, reserved 1048576K

